<?xml version="1.0" encoding="UTF-8"?>
<testsuite name="TestSuite" time="0.265" tests="29" errors="0" skipped="0" failures="0">
  <properties>
    <property name="java.runtime.name" value="Java(TM) SE Runtime Environment"/>
    <property name="sun.boot.library.path" value="/Library/Java/JavaVirtualMachines/jdk1.8.0_101.jdk/Contents/Home/jre/lib"/>
    <property name="java.vm.version" value="25.101-b13"/>
    <property name="user.country.format" value="SE"/>
    <property name="gopherProxySet" value="false"/>
    <property name="java.vm.vendor" value="Oracle Corporation"/>
    <property name="maven.multiModuleProjectDirectory" value="/Users/erica/eclipse-workspace/calculator-ericas"/>
    <property name="java.vendor.url" value="http://java.oracle.com/"/>
    <property name="path.separator" value=":"/>
    <property name="guice.disable.misplaced.annotation.check" value="true"/>
    <property name="java.vm.name" value="Java HotSpot(TM) 64-Bit Server VM"/>
    <property name="file.encoding.pkg" value="sun.io"/>
    <property name="user.country" value="US"/>
    <property name="sun.java.launcher" value="SUN_STANDARD"/>
    <property name="sun.os.patch.level" value="unknown"/>
    <property name="java.vm.specification.name" value="Java Virtual Machine Specification"/>
    <property name="user.dir" value="/Users/erica/eclipse-workspace/calculator-ericas"/>
    <property name="java.runtime.version" value="1.8.0_101-b13"/>
    <property name="java.awt.graphicsenv" value="sun.awt.CGraphicsEnvironment"/>
    <property name="java.endorsed.dirs" value="/Library/Java/JavaVirtualMachines/jdk1.8.0_101.jdk/Contents/Home/jre/lib/endorsed"/>
    <property name="os.arch" value="x86_64"/>
    <property name="java.io.tmpdir" value="/var/folders/r5/r328nbb118x9k984z7zh0dhw0000gn/T/"/>
    <property name="line.separator" value="&#10;"/>
    <property name="java.vm.specification.vendor" value="Oracle Corporation"/>
    <property name="os.name" value="Mac OS X"/>
    <property name="classworlds.conf" value="/Users/erica/eclipse-workspace/.metadata/.plugins/org.eclipse.m2e.launching/launches/m2conf4149432198953734856.tmp"/>
    <property name="sun.jnu.encoding" value="UTF-8"/>
    <property name="java.library.path" value="/Users/erica/Library/Java/Extensions:/Library/Java/Extensions:/Network/Library/Java/Extensions:/System/Library/Java/Extensions:/usr/lib/java:."/>
    <property name="java.specification.name" value="Java Platform API Specification"/>
    <property name="java.class.version" value="52.0"/>
    <property name="sun.management.compiler" value="HotSpot 64-Bit Tiered Compilers"/>
    <property name="os.version" value="10.12.6"/>
    <property name="http.nonProxyHosts" value="local|*.local|169.254/16|*.169.254/16"/>
    <property name="user.home" value="/Users/erica"/>
    <property name="user.timezone" value="Europe/Stockholm"/>
    <property name="java.awt.printerjob" value="sun.lwawt.macosx.CPrinterJob"/>
    <property name="java.specification.version" value="1.8"/>
    <property name="file.encoding" value="UTF-8"/>
    <property name="user.name" value="erica"/>
    <property name="java.class.path" value="/Users/erica/eclipse/java-oxygen/Eclipse.app/Contents/Eclipse/../../../../../.p2/pool/plugins/org.eclipse.m2e.maven.runtime_1.8.1.20170728-1531/jars/plexus-classworlds-2.5.2.jar"/>
    <property name="java.vm.specification.version" value="1.8"/>
    <property name="sun.arch.data.model" value="64"/>
    <property name="java.home" value="/Library/Java/JavaVirtualMachines/jdk1.8.0_101.jdk/Contents/Home/jre"/>
    <property name="sun.java.command" value="org.codehaus.plexus.classworlds.launcher.Launcher -B install"/>
    <property name="java.specification.vendor" value="Oracle Corporation"/>
    <property name="user.language" value="en"/>
    <property name="awt.toolkit" value="sun.lwawt.macosx.LWCToolkit"/>
    <property name="java.vm.info" value="mixed mode"/>
    <property name="java.version" value="1.8.0_101"/>
    <property name="java.ext.dirs" value="/Users/erica/Library/Java/Extensions:/Library/Java/JavaVirtualMachines/jdk1.8.0_101.jdk/Contents/Home/jre/lib/ext:/Library/Java/Extensions:/Network/Library/Java/Extensions:/System/Library/Java/Extensions:/usr/lib/java"/>
    <property name="sun.boot.class.path" value="/Library/Java/JavaVirtualMachines/jdk1.8.0_101.jdk/Contents/Home/jre/lib/resources.jar:/Library/Java/JavaVirtualMachines/jdk1.8.0_101.jdk/Contents/Home/jre/lib/rt.jar:/Library/Java/JavaVirtualMachines/jdk1.8.0_101.jdk/Contents/Home/jre/lib/sunrsasign.jar:/Library/Java/JavaVirtualMachines/jdk1.8.0_101.jdk/Contents/Home/jre/lib/jsse.jar:/Library/Java/JavaVirtualMachines/jdk1.8.0_101.jdk/Contents/Home/jre/lib/jce.jar:/Library/Java/JavaVirtualMachines/jdk1.8.0_101.jdk/Contents/Home/jre/lib/charsets.jar:/Library/Java/JavaVirtualMachines/jdk1.8.0_101.jdk/Contents/Home/jre/lib/jfr.jar:/Library/Java/JavaVirtualMachines/jdk1.8.0_101.jdk/Contents/Home/jre/classes"/>
    <property name="java.vendor" value="Oracle Corporation"/>
    <property name="maven.home" value="/Users/erica/eclipse-workspace/calculator-ericas/EMBEDDED"/>
    <property name="file.separator" value="/"/>
    <property name="java.vendor.url.bug" value="http://bugreport.sun.com/bugreport/"/>
    <property name="sun.cpu.endian" value="little"/>
    <property name="sun.io.unicode.encoding" value="UnicodeBig"/>
    <property name="socksNonProxyHosts" value="local|*.local|169.254/16|*.169.254/16"/>
    <property name="ftp.nonProxyHosts" value="local|*.local|169.254/16|*.169.254/16"/>
    <property name="sun.cpu.isalist" value=""/>
  </properties>
  <testcase name="testPlusMinusZero on testPlusMinusZero(com.project.maven.scientificCalculator.AdvancedCalculatorTest)" classname="com.project.maven.scientificCalculator.AdvancedCalculatorTest" time="0.006"/>
  <testcase name="testSinHPositive on testSinHPositive(com.project.maven.scientificCalculator.AdvancedCalculatorTest)" classname="com.project.maven.scientificCalculator.AdvancedCalculatorTest" time="0.029"/>
  <testcase name="testSquareRootZero on testSquareRootZero(com.project.maven.scientificCalculator.AdvancedCalculatorTest)" classname="com.project.maven.scientificCalculator.AdvancedCalculatorTest" time="0.001"/>
  <testcase name="testSquareRootPositive on testSquareRootPositive(com.project.maven.scientificCalculator.AdvancedCalculatorTest)" classname="com.project.maven.scientificCalculator.AdvancedCalculatorTest" time="0.016"/>
  <testcase name="testSquareRootNegative on testSquareRootNegative(com.project.maven.scientificCalculator.AdvancedCalculatorTest)" classname="com.project.maven.scientificCalculator.AdvancedCalculatorTest" time="0.013"/>
  <testcase name="testPiPositive on testPiPositive(com.project.maven.scientificCalculator.AdvancedCalculatorTest)" classname="com.project.maven.scientificCalculator.AdvancedCalculatorTest" time="0.011"/>
  <testcase name="testPiNegative on testPiNegative(com.project.maven.scientificCalculator.AdvancedCalculatorTest)" classname="com.project.maven.scientificCalculator.AdvancedCalculatorTest" time="0.019"/>
  <testcase name="testPlusMinusNegative on testPlusMinusNegative(com.project.maven.scientificCalculator.AdvancedCalculatorTest)" classname="com.project.maven.scientificCalculator.AdvancedCalculatorTest" time="0.009"/>
  <testcase name="testSinPositive on testSinPositive(com.project.maven.scientificCalculator.AdvancedCalculatorTest)" classname="com.project.maven.scientificCalculator.AdvancedCalculatorTest" time="0.015"/>
  <testcase name="testSinNegative on testSinNegative(com.project.maven.scientificCalculator.AdvancedCalculatorTest)" classname="com.project.maven.scientificCalculator.AdvancedCalculatorTest" time="0.016"/>
  <testcase name="testSinhNegative on testSinhNegative(com.project.maven.scientificCalculator.AdvancedCalculatorTest)" classname="com.project.maven.scientificCalculator.AdvancedCalculatorTest" time="0.006"/>
  <testcase name="testPlusMinusositive on testPlusMinusositive(com.project.maven.scientificCalculator.AdvancedCalculatorTest)" classname="com.project.maven.scientificCalculator.AdvancedCalculatorTest" time="0.005"/>
  <testcase name="testSinhZero on testSinhZero(com.project.maven.scientificCalculator.AdvancedCalculatorTest)" classname="com.project.maven.scientificCalculator.AdvancedCalculatorTest" time="0"/>
  <testcase name="testPiZero on testPiZero(com.project.maven.scientificCalculator.AdvancedCalculatorTest)" classname="com.project.maven.scientificCalculator.AdvancedCalculatorTest" time="0"/>
  <testcase name="testSinZero on testSinZero(com.project.maven.scientificCalculator.AdvancedCalculatorTest)" classname="com.project.maven.scientificCalculator.AdvancedCalculatorTest" time="0"/>
  <testcase name="testLogPositive on testLogPositive(com.project.maven.scientificCalculator.AdvancedCalculatorTest)" classname="com.project.maven.scientificCalculator.AdvancedCalculatorTest" time="0.01"/>
  <testcase name="testLogNegative on testLogNegative(com.project.maven.scientificCalculator.AdvancedCalculatorTest)" classname="com.project.maven.scientificCalculator.AdvancedCalculatorTest" time="0.004"/>
  <testcase name="testMulPositive on testMulPositive(com.project.maven.scientificCalculator.BasicCalculatorTest)" classname="com.project.maven.scientificCalculator.BasicCalculatorTest" time="0.008"/>
  <testcase name="testAddZero on testAddZero(com.project.maven.scientificCalculator.BasicCalculatorTest)" classname="com.project.maven.scientificCalculator.BasicCalculatorTest" time="0.008"/>
  <testcase name="testMulNegative on testMulNegative(com.project.maven.scientificCalculator.BasicCalculatorTest)" classname="com.project.maven.scientificCalculator.BasicCalculatorTest" time="0.006"/>
  <testcase name="testDivPositive on testDivPositive(com.project.maven.scientificCalculator.BasicCalculatorTest)" classname="com.project.maven.scientificCalculator.BasicCalculatorTest" time="0.005"/>
  <testcase name="testDivNegative on testDivNegative(com.project.maven.scientificCalculator.BasicCalculatorTest)" classname="com.project.maven.scientificCalculator.BasicCalculatorTest" time="0.006"/>
  <testcase name="testAddPositive on testAddPositive(com.project.maven.scientificCalculator.BasicCalculatorTest)" classname="com.project.maven.scientificCalculator.BasicCalculatorTest" time="0.006"/>
  <testcase name="testAddNegative on testAddNegative(com.project.maven.scientificCalculator.BasicCalculatorTest)" classname="com.project.maven.scientificCalculator.BasicCalculatorTest" time="0.004"/>
  <testcase name="testMulZero on testMulZero(com.project.maven.scientificCalculator.BasicCalculatorTest)" classname="com.project.maven.scientificCalculator.BasicCalculatorTest" time="0.012"/>
  <testcase name="testDivZero on testDivZero(com.project.maven.scientificCalculator.BasicCalculatorTest)" classname="com.project.maven.scientificCalculator.BasicCalculatorTest" time="0.01"/>
  <testcase name="testSubPositive on testSubPositive(com.project.maven.scientificCalculator.BasicCalculatorTest)" classname="com.project.maven.scientificCalculator.BasicCalculatorTest" time="0.005"/>
  <testcase name="testSubNegative on testSubNegative(com.project.maven.scientificCalculator.BasicCalculatorTest)" classname="com.project.maven.scientificCalculator.BasicCalculatorTest" time="0.005"/>
  <testcase name="testSubZero on testSubZero(com.project.maven.scientificCalculator.BasicCalculatorTest)" classname="com.project.maven.scientificCalculator.BasicCalculatorTest" time="0.03"/>
</testsuite>