<?xml version="1.0" encoding="UTF-8"?>
<!-- Generated by org.testng.reporters.JUnitReportReporter -->
<testsuite hostname="Ericas-MacBook-Pro.local" name="com.project.maven.scientificCalculator.BasicCalculatorTest" tests="12" failures="0" timestamp="14 Dec 2017 14:40:29 GMT" time="0.107" errors="0">
  <testcase name="testSubPositive" time="0.005" classname="com.project.maven.scientificCalculator.BasicCalculatorTest"/>
  <testcase name="testAddPositive" time="0.006" classname="com.project.maven.scientificCalculator.BasicCalculatorTest"/>
  <testcase name="testSubZero" time="0.030" classname="com.project.maven.scientificCalculator.BasicCalculatorTest"/>
  <testcase name="testDivNegative" time="0.006" classname="com.project.maven.scientificCalculator.BasicCalculatorTest"/>
  <testcase name="testMulPositive" time="0.008" classname="com.project.maven.scientificCalculator.BasicCalculatorTest"/>
  <testcase name="testAddZero" time="0.008" classname="com.project.maven.scientificCalculator.BasicCalculatorTest"/>
  <testcase name="testDivZero" time="0.010" classname="com.project.maven.scientificCalculator.BasicCalculatorTest"/>
  <testcase name="testSubNegative" time="0.005" classname="com.project.maven.scientificCalculator.BasicCalculatorTest"/>
  <testcase name="testDivPositive" time="0.006" classname="com.project.maven.scientificCalculator.BasicCalculatorTest"/>
  <testcase name="testAddNegative" time="0.004" classname="com.project.maven.scientificCalculator.BasicCalculatorTest"/>
  <testcase name="testMulNegative" time="0.007" classname="com.project.maven.scientificCalculator.BasicCalculatorTest"/>
  <testcase name="testMulZero" time="0.012" classname="com.project.maven.scientificCalculator.BasicCalculatorTest"/>
</testsuite> <!-- com.project.maven.scientificCalculator.BasicCalculatorTest -->
