<?xml version="1.0" encoding="UTF-8"?>
<!-- Generated by org.testng.reporters.JUnitReportReporter -->
<testsuite hostname="Ericas-MacBook-Pro.local" name="com.project.maven.scientificCalculator.AdvancedCalculatorTest" tests="17" failures="0" timestamp="14 Dec 2017 14:40:24 GMT" time="0.163" errors="0">
  <testcase name="testSquareRootNegative" time="0.014" classname="com.project.maven.scientificCalculator.AdvancedCalculatorTest"/>
  <testcase name="testSinZero" time="0.000" classname="com.project.maven.scientificCalculator.AdvancedCalculatorTest"/>
  <testcase name="testSinhNegative" time="0.006" classname="com.project.maven.scientificCalculator.AdvancedCalculatorTest"/>
  <testcase name="testPiPositive" time="0.011" classname="com.project.maven.scientificCalculator.AdvancedCalculatorTest"/>
  <testcase name="testPiNegative" time="0.018" classname="com.project.maven.scientificCalculator.AdvancedCalculatorTest"/>
  <testcase name="testPiZero" time="0.000" classname="com.project.maven.scientificCalculator.AdvancedCalculatorTest"/>
  <testcase name="testPlusMinusositive" time="0.005" classname="com.project.maven.scientificCalculator.AdvancedCalculatorTest"/>
  <testcase name="testSinPositive" time="0.015" classname="com.project.maven.scientificCalculator.AdvancedCalculatorTest"/>
  <testcase name="testPlusMinusZero" time="0.008" classname="com.project.maven.scientificCalculator.AdvancedCalculatorTest"/>
  <testcase name="testSinhZero" time="0.000" classname="com.project.maven.scientificCalculator.AdvancedCalculatorTest"/>
  <testcase name="testSinHPositive" time="0.030" classname="com.project.maven.scientificCalculator.AdvancedCalculatorTest"/>
  <testcase name="testPlusMinusNegative" time="0.009" classname="com.project.maven.scientificCalculator.AdvancedCalculatorTest"/>
  <testcase name="testSinNegative" time="0.016" classname="com.project.maven.scientificCalculator.AdvancedCalculatorTest"/>
  <testcase name="testLogPositive" time="0.010" classname="com.project.maven.scientificCalculator.AdvancedCalculatorTest"/>
  <testcase name="testLogNegative" time="0.004" classname="com.project.maven.scientificCalculator.AdvancedCalculatorTest"/>
  <testcase name="testSquareRootPositive" time="0.016" classname="com.project.maven.scientificCalculator.AdvancedCalculatorTest"/>
  <testcase name="testSquareRootZero" time="0.001" classname="com.project.maven.scientificCalculator.AdvancedCalculatorTest"/>
</testsuite> <!-- com.project.maven.scientificCalculator.AdvancedCalculatorTest -->
